<?xml version="1.0" encoding="UTF-8"?>
<!-- Generated by org.testng.reporters.JUnitReportReporter -->
<testsuite skipped="0" hostname="Main" name="com.Testcases.LaunchBrowser" tests="1" failures="0" timestamp="21 Jul 2018 03:43:20 GMT" time="30.686" errors="0">
  <testcase name="launchBrowser" time="30.686" classname="com.Testcases.LaunchBrowser"/>
</testsuite> <!-- com.Testcases.LaunchBrowser -->
